<?xml version="1.0" encoding="UTF-8"?>
<!-- Generated by org.testng.reporters.JUnitReportReporter -->
<testsuite hostname="DESKTOP-4CBTSJA" failures="0" tests="1" name="automation.tests.Standalone" time="11.609" errors="0" timestamp="16 Jun 2024 13:23:57 GMT" skipped="0">
  <testcase classname="automation.tests.Standalone" name="sample" time="11.609"/>
</testsuite> <!-- automation.tests.Standalone -->
