<?xml version="1.0" encoding="UTF-8"?>
<!-- Generated by org.testng.reporters.JUnitReportReporter -->
<testsuite hostname="DESKTOP-4CBTSJA" failures="0" tests="4" name="automation.tests.HomePageTestCases" time="243.339" errors="0" timestamp="19 Jun 2024 15:11:12 GMT" skipped="0">
  <testcase classname="automation.tests.HomePageTestCases" name="homePageWithThreeArrivalsOnly" time="50.274"/>
  <testcase classname="automation.tests.HomePageTestCases" name="homePageArrivalsImagesDescription" time="57.405"/>
  <testcase classname="automation.tests.HomePageTestCases" name="homePageWithThreeSlidersOnly" time="44.252"/>
  <testcase classname="automation.tests.HomePageTestCases" name="homePageImagesInArrivalsShouldNavigate" time="91.408"/>
</testsuite> <!-- automation.tests.HomePageTestCases -->
